<?xml version="1.0" encoding="UTF-8"?>
<testsuite name="io.confluent.developer.KafkaStreamsPunctuationTest" tests="1" skipped="0" failures="0" errors="0" timestamp="2021-04-24T13:43:24" hostname="ip-172-31-7-71" time="3.428">
  <properties/>
  <testcase name="punctuationTest" classname="io.confluent.developer.KafkaStreamsPunctuationTest" time="3.428"/>
  <system-out><![CDATA[@Sat Apr 24 13:43:44 UTC 2021 Reset all view-times to zero
]]></system-out>
  <system-err><![CDATA[[Test worker] INFO io.confluent.kafka.serializers.KafkaAvroSerializerConfig - KafkaAvroSerializerConfig values: 
	auto.register.schemas = true
	basic.auth.credentials.source = URL
	basic.auth.user.info = [hidden]
	bearer.auth.credentials.source = STATIC_TOKEN
	bearer.auth.token = [hidden]
	key.subject.name.strategy = class io.confluent.kafka.serializers.subject.TopicNameStrategy
	latest.compatibility.strict = true
	max.schemas.per.subject = 1000
	proxy.host = 
	proxy.port = -1
	schema.reflection = false
	schema.registry.basic.auth.user.info = [hidden]
	schema.registry.ssl.cipher.suites = null
	schema.registry.ssl.enabled.protocols = [TLSv1.2, TLSv1.3]
	schema.registry.ssl.endpoint.identification.algorithm = https
	schema.registry.ssl.engine.factory.class = null
	schema.registry.ssl.key.password = null
	schema.registry.ssl.keymanager.algorithm = SunX509
	schema.registry.ssl.keystore.certificate.chain = null
	schema.registry.ssl.keystore.key = null
	schema.registry.ssl.keystore.location = null
	schema.registry.ssl.keystore.password = null
	schema.registry.ssl.keystore.type = JKS
	schema.registry.ssl.protocol = TLSv1.3
	schema.registry.ssl.provider = null
	schema.registry.ssl.secure.random.implementation = null
	schema.registry.ssl.trustmanager.algorithm = PKIX
	schema.registry.ssl.truststore.certificates = null
	schema.registry.ssl.truststore.location = null
	schema.registry.ssl.truststore.password = null
	schema.registry.ssl.truststore.type = JKS
	schema.registry.url = [mock://kafka-streams-schedule-operations-test]
	use.latest.version = false
	value.subject.name.strategy = class io.confluent.kafka.serializers.subject.TopicNameStrategy

[Test worker] INFO io.confluent.kafka.serializers.KafkaAvroDeserializerConfig - KafkaAvroDeserializerConfig values: 
	auto.register.schemas = true
	basic.auth.credentials.source = URL
	basic.auth.user.info = [hidden]
	bearer.auth.credentials.source = STATIC_TOKEN
	bearer.auth.token = [hidden]
	key.subject.name.strategy = class io.confluent.kafka.serializers.subject.TopicNameStrategy
	latest.compatibility.strict = true
	max.schemas.per.subject = 1000
	proxy.host = 
	proxy.port = -1
	schema.reflection = false
	schema.registry.basic.auth.user.info = [hidden]
	schema.registry.ssl.cipher.suites = null
	schema.registry.ssl.enabled.protocols = [TLSv1.2, TLSv1.3]
	schema.registry.ssl.endpoint.identification.algorithm = https
	schema.registry.ssl.engine.factory.class = null
	schema.registry.ssl.key.password = null
	schema.registry.ssl.keymanager.algorithm = SunX509
	schema.registry.ssl.keystore.certificate.chain = null
	schema.registry.ssl.keystore.key = null
	schema.registry.ssl.keystore.location = null
	schema.registry.ssl.keystore.password = null
	schema.registry.ssl.keystore.type = JKS
	schema.registry.ssl.protocol = TLSv1.3
	schema.registry.ssl.provider = null
	schema.registry.ssl.secure.random.implementation = null
	schema.registry.ssl.trustmanager.algorithm = PKIX
	schema.registry.ssl.truststore.certificates = null
	schema.registry.ssl.truststore.location = null
	schema.registry.ssl.truststore.password = null
	schema.registry.ssl.truststore.type = JKS
	schema.registry.url = [mock://kafka-streams-schedule-operations-test]
	specific.avro.reader = true
	use.latest.version = false
	value.subject.name.strategy = class io.confluent.kafka.serializers.subject.TopicNameStrategy

[Test worker] INFO org.apache.kafka.streams.processor.internals.ProcessorStateManager - topology-test-driver Initializing to the starting offset for changelog kafka-streams-schedule-operations-logintime-store-changelog-0 of in-memory state store logintime-store
[Test worker] INFO org.apache.kafka.streams.processor.internals.StreamTask - stream-thread [Test worker] task [0_0] Initialized
[Test worker] INFO org.apache.kafka.streams.processor.internals.StreamTask - stream-thread [Test worker] task [0_0] Restored and ready to run
[Test worker] INFO io.confluent.kafka.serializers.KafkaAvroSerializerConfig - KafkaAvroSerializerConfig values: 
	auto.register.schemas = true
	basic.auth.credentials.source = URL
	basic.auth.user.info = [hidden]
	bearer.auth.credentials.source = STATIC_TOKEN
	bearer.auth.token = [hidden]
	key.subject.name.strategy = class io.confluent.kafka.serializers.subject.TopicNameStrategy
	latest.compatibility.strict = true
	max.schemas.per.subject = 1000
	proxy.host = 
	proxy.port = -1
	schema.reflection = false
	schema.registry.basic.auth.user.info = [hidden]
	schema.registry.ssl.cipher.suites = null
	schema.registry.ssl.enabled.protocols = [TLSv1.2, TLSv1.3]
	schema.registry.ssl.endpoint.identification.algorithm = https
	schema.registry.ssl.engine.factory.class = null
	schema.registry.ssl.key.password = null
	schema.registry.ssl.keymanager.algorithm = SunX509
	schema.registry.ssl.keystore.certificate.chain = null
	schema.registry.ssl.keystore.key = null
	schema.registry.ssl.keystore.location = null
	schema.registry.ssl.keystore.password = null
	schema.registry.ssl.keystore.type = JKS
	schema.registry.ssl.protocol = TLSv1.3
	schema.registry.ssl.provider = null
	schema.registry.ssl.secure.random.implementation = null
	schema.registry.ssl.trustmanager.algorithm = PKIX
	schema.registry.ssl.truststore.certificates = null
	schema.registry.ssl.truststore.location = null
	schema.registry.ssl.truststore.password = null
	schema.registry.ssl.truststore.type = JKS
	schema.registry.url = [mock://kafka-streams-schedule-operations-test]
	use.latest.version = false
	value.subject.name.strategy = class io.confluent.kafka.serializers.subject.TopicNameStrategy

[Test worker] INFO io.confluent.kafka.serializers.KafkaAvroDeserializerConfig - KafkaAvroDeserializerConfig values: 
	auto.register.schemas = true
	basic.auth.credentials.source = URL
	basic.auth.user.info = [hidden]
	bearer.auth.credentials.source = STATIC_TOKEN
	bearer.auth.token = [hidden]
	key.subject.name.strategy = class io.confluent.kafka.serializers.subject.TopicNameStrategy
	latest.compatibility.strict = true
	max.schemas.per.subject = 1000
	proxy.host = 
	proxy.port = -1
	schema.reflection = false
	schema.registry.basic.auth.user.info = [hidden]
	schema.registry.ssl.cipher.suites = null
	schema.registry.ssl.enabled.protocols = [TLSv1.2, TLSv1.3]
	schema.registry.ssl.endpoint.identification.algorithm = https
	schema.registry.ssl.engine.factory.class = null
	schema.registry.ssl.key.password = null
	schema.registry.ssl.keymanager.algorithm = SunX509
	schema.registry.ssl.keystore.certificate.chain = null
	schema.registry.ssl.keystore.key = null
	schema.registry.ssl.keystore.location = null
	schema.registry.ssl.keystore.password = null
	schema.registry.ssl.keystore.type = JKS
	schema.registry.ssl.protocol = TLSv1.3
	schema.registry.ssl.provider = null
	schema.registry.ssl.secure.random.implementation = null
	schema.registry.ssl.trustmanager.algorithm = PKIX
	schema.registry.ssl.truststore.certificates = null
	schema.registry.ssl.truststore.location = null
	schema.registry.ssl.truststore.password = null
	schema.registry.ssl.truststore.type = JKS
	schema.registry.url = [mock://kafka-streams-schedule-operations-test]
	specific.avro.reader = true
	use.latest.version = false
	value.subject.name.strategy = class io.confluent.kafka.serializers.subject.TopicNameStrategy

[Test worker] INFO org.apache.kafka.streams.processor.internals.StreamTask - stream-thread [Test worker] task [0_0] Suspended running
[Test worker] INFO org.apache.kafka.streams.processor.internals.RecordCollectorImpl - topology-test-driver Closing record collector clean
[Test worker] INFO org.apache.kafka.streams.processor.internals.StreamTask - stream-thread [Test worker] task [0_0] Closed clean
]]></system-err>
</testsuite>
